Running: C:\Xilinx\11.1\ISE\bin\nt\unwrapped\fuse.exe -ise C:/Users/Massimiliano/Desktop/DLX/DLX 11.1 Rewrite/DLXPipe/DLXPipe.ise -intstyle ise -incremental -o C:/Users/Massimiliano/Desktop/DLX/DLX 11.1 Rewrite/DLXPipe/Cache_cmp_isim_beh.exe -prj C:/Users/Massimiliano/Desktop/DLX/DLX 11.1 Rewrite/DLXPipe/Cache_cmp_beh.prj Cache_cmp 
Number of CPUs detected in this system: 2
Turning on mult-threading, number of parallel sub-compilation jobs: 4 
Determining compilation order of HDL files
Parsing VHDL file "C:/Users/Massimiliano/Desktop/DLX/DLX 11.1 Rewrite/DLXPipe/Global.vhd" into library work
Parsing VHDL file "D:/Calcolatori Elettronici M/Mattoccia/Progetto/Cache/Cache_lib.vhd" into library work
Parsing VHDL file "D:/Calcolatori Elettronici M/Mattoccia/Progetto/Cache/Cache_cmp.vhd" into library work
Starting static elaboration
Completed static elaboration
Fuse Memory Usage: 111060 KB
Fuse CPU Usage: 264 ms
Using precompiled package standard from library std
Using precompiled package std_logic_1164 from library ieee
Using precompiled package std_logic_arith from library ieee
Using precompiled package std_logic_unsigned from library ieee
Compiling package global
Compiling package cachelibrary
Compiling architecture behavioral of entity cache_cmp
Time Resolution for simulation is 1ps.
Waiting for 1 sub-compilation(s) to finish...
Compiled 7 VHDL Units
Built simulation executable C:/Users/Massimiliano/Desktop/DLX/DLX 11.1 Rewrite/DLXPipe/Cache_cmp_isim_beh.exe
Fuse Memory Usage: 120852 KB
Fuse CPU Usage: 436 ms
